<?xml version="1.0" encoding="UTF-8"?>
<!-- Generated by org.testng.reporters.JUnitReportReporter -->
<testsuite hostname="winstons-mbp.home" failures="0" tests="1" name="cucumber_options.TestNGRunner" time="0.126" errors="0" timestamp="2023-12-19T15:40:00 CET" skipped="0">
  <testcase classname="cucumber_options.TestNGRunner" name="runScenario" time="0.126"/>
</testsuite> <!-- cucumber_options.TestNGRunner -->
